<?xml version="1.0" encoding="UTF-8"?>
<!-- Generated by org.testng.reporters.JUnitXMLReporter -->
<testsuite ignored="0" hostname="LAPTOP-HD2RSVAT" failures="1" tests="7" name="Test" time="12.18" errors="0" timestamp="08 Jul 2020 06:57:06 GMT">
  <testcase classname="TestCases.Techved_Fitness_home" name="Validate_Fitness_Title" time="0.197"/>
  <testcase classname="TestCases.Techved_Fitness_home" name="Validate_Redeemed_Title" time="0.045"/>
  <testcase classname="TestCases.Techved_Fitness_home" name="Validate_h4_element_title" time="0.041"/>
  <testcase classname="TestCases.Techved_Fitness_home" name="Validate_Gallery_link" time="0.225">
    <failure type="java.lang.AssertionError" message="expected [1] but found [5]">
      <![CDATA[java.lang.AssertionError: expected [1] but found [5]
at TestCases.Techved_Fitness_home.Validate_Gallery_link(Techved_Fitness_home.java:63)
... Removed 35 stack frames]]>
    </failure>
  </testcase> <!-- Validate_Gallery_link -->
  <testcase classname="TestCases.Techved_Fitness_home" name="Validate_benefit_block" time="0.499"/>
  <testcase classname="TestCases.Techved_Fitness_home" name="Validate_fitness_link" time="0.667"/>
  <testcase classname="TestCases.Techved_Fitness_home" name="Validate_Query_block" time="1.499"/>
</testsuite> <!-- Test -->
