<?xml version="1.0" encoding="UTF-8"?>
<testng-results ignored="0" total="7" passed="6" failed="1" skipped="0">
  <reporter-output>
  </reporter-output>
  <suite started-at="2020-07-08T06:56:54Z" name="Suite" finished-at="2020-07-08T06:57:06Z" duration-ms="12180">
    <groups>
    </groups>
    <test started-at="2020-07-08T06:56:54Z" name="Test" finished-at="2020-07-08T06:57:06Z" duration-ms="12180">
      <class name="TestCases.Techved_Fitness_home">
        <test-method is-config="true" signature="initialization()[pri:0, instance:TestCases.Techved_Fitness_home@d5b810e]" started-at="2020-07-08T06:56:54Z" name="initialization" finished-at="2020-07-08T06:57:02Z" duration-ms="8677" status="PASS">
          <reporter-output>
          </reporter-output>
        </test-method> <!-- initialization -->
        <test-method signature="Validate_Fitness_Title()[pri:0, instance:TestCases.Techved_Fitness_home@d5b810e]" started-at="2020-07-08T06:57:02Z" name="Validate_Fitness_Title" finished-at="2020-07-08T06:57:02Z" duration-ms="197" status="PASS">
          <reporter-output>
          </reporter-output>
        </test-method> <!-- Validate_Fitness_Title -->
        <test-method signature="Validate_Redeemed_Title()[pri:0, instance:TestCases.Techved_Fitness_home@d5b810e]" started-at="2020-07-08T06:57:02Z" name="Validate_Redeemed_Title" finished-at="2020-07-08T06:57:02Z" duration-ms="45" status="PASS">
          <reporter-output>
          </reporter-output>
        </test-method> <!-- Validate_Redeemed_Title -->
        <test-method signature="Validate_h4_element_title()[pri:0, instance:TestCases.Techved_Fitness_home@d5b810e]" started-at="2020-07-08T06:57:02Z" name="Validate_h4_element_title" finished-at="2020-07-08T06:57:03Z" duration-ms="41" status="PASS">
          <reporter-output>
          </reporter-output>
        </test-method> <!-- Validate_h4_element_title -->
        <test-method signature="Validate_Gallery_link()[pri:0, instance:TestCases.Techved_Fitness_home@d5b810e]" started-at="2020-07-08T06:57:03Z" name="Validate_Gallery_link" finished-at="2020-07-08T06:57:03Z" duration-ms="225" status="FAIL">
          <exception class="java.lang.AssertionError">
            <message>
              <![CDATA[expected [1] but found [5]]]>
            </message>
            <full-stacktrace>
              <![CDATA[java.lang.AssertionError: expected [1] but found [5]
at org.testng.Assert.fail(Assert.java:96)
at org.testng.Assert.failNotEquals(Assert.java:776)
at org.testng.Assert.assertEqualsImpl(Assert.java:137)
at org.testng.Assert.assertEquals(Assert.java:118)
at org.testng.Assert.assertEquals(Assert.java:652)
at org.testng.Assert.assertEquals(Assert.java:662)
at TestCases.Techved_Fitness_home.Validate_Gallery_link(Techved_Fitness_home.java:63)
at java.base/jdk.internal.reflect.NativeMethodAccessorImpl.invoke0(Native Method)
at java.base/jdk.internal.reflect.NativeMethodAccessorImpl.invoke(NativeMethodAccessorImpl.java:62)
at java.base/jdk.internal.reflect.DelegatingMethodAccessorImpl.invoke(DelegatingMethodAccessorImpl.java:43)
at java.base/java.lang.reflect.Method.invoke(Method.java:564)
at org.testng.internal.MethodInvocationHelper.invokeMethod(MethodInvocationHelper.java:124)
at org.testng.internal.Invoker.invokeMethod(Invoker.java:583)
at org.testng.internal.Invoker.invokeTestMethod(Invoker.java:719)
at org.testng.internal.Invoker.invokeTestMethods(Invoker.java:989)
at org.testng.internal.TestMethodWorker.invokeTestMethods(TestMethodWorker.java:125)
at org.testng.internal.TestMethodWorker.run(TestMethodWorker.java:109)
at org.testng.TestRunner.privateRun(TestRunner.java:648)
at org.testng.TestRunner.run(TestRunner.java:505)
at org.testng.SuiteRunner.runTest(SuiteRunner.java:455)
at org.testng.SuiteRunner.runSequentially(SuiteRunner.java:450)
at org.testng.SuiteRunner.privateRun(SuiteRunner.java:415)
at org.testng.SuiteRunner.run(SuiteRunner.java:364)
at org.testng.SuiteRunnerWorker.runSuite(SuiteRunnerWorker.java:52)
at org.testng.SuiteRunnerWorker.run(SuiteRunnerWorker.java:84)
at org.testng.TestNG.runSuitesSequentially(TestNG.java:1208)
at org.testng.TestNG.runSuitesLocally(TestNG.java:1137)
at org.testng.TestNG.runSuites(TestNG.java:1049)
at org.testng.TestNG.run(TestNG.java:1017)
at org.apache.maven.surefire.testng.TestNGExecutor.run(TestNGExecutor.java:283)
at org.apache.maven.surefire.testng.TestNGXmlTestSuite.execute(TestNGXmlTestSuite.java:75)
at org.apache.maven.surefire.testng.TestNGProvider.invoke(TestNGProvider.java:120)
at org.apache.maven.surefire.booter.ForkedBooter.invokeProviderInSameClassLoader(ForkedBooter.java:384)
at org.apache.maven.surefire.booter.ForkedBooter.runSuitesInProcess(ForkedBooter.java:345)
at org.apache.maven.surefire.booter.ForkedBooter.execute(ForkedBooter.java:126)
at org.apache.maven.surefire.booter.ForkedBooter.main(ForkedBooter.java:418)
]]>
            </full-stacktrace>
          </exception> <!-- java.lang.AssertionError -->
          <reporter-output>
          </reporter-output>
        </test-method> <!-- Validate_Gallery_link -->
        <test-method signature="Validate_benefit_block()[pri:0, instance:TestCases.Techved_Fitness_home@d5b810e]" started-at="2020-07-08T06:57:03Z" name="Validate_benefit_block" finished-at="2020-07-08T06:57:03Z" duration-ms="499" status="PASS">
          <reporter-output>
          </reporter-output>
        </test-method> <!-- Validate_benefit_block -->
        <test-method signature="Validate_fitness_link()[pri:0, instance:TestCases.Techved_Fitness_home@d5b810e]" started-at="2020-07-08T06:57:03Z" name="Validate_fitness_link" finished-at="2020-07-08T06:57:04Z" duration-ms="667" status="PASS">
          <reporter-output>
          </reporter-output>
        </test-method> <!-- Validate_fitness_link -->
        <test-method signature="Validate_Query_block()[pri:0, instance:TestCases.Techved_Fitness_home@d5b810e]" started-at="2020-07-08T06:57:04Z" name="Validate_Query_block" finished-at="2020-07-08T06:57:05Z" depends-on-methods="TestCases.Techved_Fitness_home.Validate_Redeemed_Title, TestCases.Techved_Fitness_home.Validate_Fitness_Title, TestCases.Techved_Fitness_home.Validate_h4_element_title" duration-ms="1499" status="PASS">
          <reporter-output>
          </reporter-output>
        </test-method> <!-- Validate_Query_block -->
        <test-method is-config="true" signature="teardown()[pri:0, instance:TestCases.Techved_Fitness_home@d5b810e]" started-at="2020-07-08T06:57:05Z" name="teardown" finished-at="2020-07-08T06:57:06Z" duration-ms="211" status="PASS">
          <reporter-output>
          </reporter-output>
        </test-method> <!-- teardown -->
      </class> <!-- TestCases.Techved_Fitness_home -->
    </test> <!-- Test -->
  </suite> <!-- Suite -->
</testng-results>
