<?xml version="1.0" encoding="UTF-8"?>
<testng-results ignored="0" total="7" passed="6" failed="1" skipped="0">
  <reporter-output>
  </reporter-output>
  <suite started-at="2020-07-08T12:23:56 IST" name="Default suite" finished-at="2020-07-08T12:24:08 IST" duration-ms="12297">
    <groups>
    </groups>
    <test started-at="2020-07-08T12:23:56 IST" name="Default test" finished-at="2020-07-08T12:24:08 IST" duration-ms="12297">
      <class name="TestCases.Techved_Fitness_home">
        <test-method is-config="true" signature="initialization()[pri:0, instance:TestCases.Techved_Fitness_home@2f177a4b]" started-at="2020-07-08T12:23:56 IST" name="initialization" finished-at="2020-07-08T12:24:05 IST" duration-ms="9376" status="PASS">
          <reporter-output>
          </reporter-output>
        </test-method> <!-- initialization -->
        <test-method signature="Validate_Fitness_Title()[pri:0, instance:TestCases.Techved_Fitness_home@2f177a4b]" started-at="2020-07-08T12:24:06 IST" name="Validate_Fitness_Title" finished-at="2020-07-08T12:24:06 IST" duration-ms="144" status="PASS">
          <reporter-output>
          </reporter-output>
        </test-method> <!-- Validate_Fitness_Title -->
        <test-method signature="Validate_Redeemed_Title()[pri:0, instance:TestCases.Techved_Fitness_home@2f177a4b]" started-at="2020-07-08T12:24:06 IST" name="Validate_Redeemed_Title" finished-at="2020-07-08T12:24:06 IST" duration-ms="83" status="PASS">
          <reporter-output>
          </reporter-output>
        </test-method> <!-- Validate_Redeemed_Title -->
        <test-method signature="Validate_h4_element_title()[pri:0, instance:TestCases.Techved_Fitness_home@2f177a4b]" started-at="2020-07-08T12:24:06 IST" name="Validate_h4_element_title" finished-at="2020-07-08T12:24:06 IST" duration-ms="75" status="PASS">
          <reporter-output>
          </reporter-output>
        </test-method> <!-- Validate_h4_element_title -->
        <test-method signature="Validate_Gallery_link()[pri:0, instance:TestCases.Techved_Fitness_home@2f177a4b]" started-at="2020-07-08T12:24:06 IST" name="Validate_Gallery_link" finished-at="2020-07-08T12:24:06 IST" duration-ms="244" status="FAIL">
          <exception class="java.lang.AssertionError">
            <message>
              <![CDATA[expected [1] but found [5]]]>
            </message>
            <full-stacktrace>
              <![CDATA[java.lang.AssertionError: expected [1] but found [5]
at org.testng.Assert.fail(Assert.java:97)
at org.testng.Assert.assertEqualsImpl(Assert.java:136)
at org.testng.Assert.assertEquals(Assert.java:118)
at org.testng.Assert.assertEquals(Assert.java:839)
at org.testng.Assert.assertEquals(Assert.java:849)
at TestCases.Techved_Fitness_home.Validate_Gallery_link(Techved_Fitness_home.java:63)
at java.base/jdk.internal.reflect.NativeMethodAccessorImpl.invoke0(Native Method)
at java.base/jdk.internal.reflect.NativeMethodAccessorImpl.invoke(NativeMethodAccessorImpl.java:62)
at java.base/jdk.internal.reflect.DelegatingMethodAccessorImpl.invoke(DelegatingMethodAccessorImpl.java:43)
at java.base/java.lang.reflect.Method.invoke(Method.java:564)
at org.testng.internal.MethodInvocationHelper.invokeMethod(MethodInvocationHelper.java:135)
at org.testng.internal.TestInvoker.invokeMethod(TestInvoker.java:598)
at org.testng.internal.TestInvoker.invokeTestMethod(TestInvoker.java:174)
at org.testng.internal.MethodRunner.runInSequence(MethodRunner.java:46)
at org.testng.internal.TestInvoker$MethodInvocationAgent.invoke(TestInvoker.java:821)
at org.testng.internal.TestInvoker.invokeTestMethods(TestInvoker.java:147)
at org.testng.internal.TestMethodWorker.invokeTestMethods(TestMethodWorker.java:146)
at org.testng.internal.TestMethodWorker.run(TestMethodWorker.java:128)
at java.base/java.util.ArrayList.forEach(ArrayList.java:1510)
at org.testng.TestRunner.privateRun(TestRunner.java:767)
at org.testng.TestRunner.run(TestRunner.java:588)
at org.testng.SuiteRunner.runTest(SuiteRunner.java:384)
at org.testng.SuiteRunner.runSequentially(SuiteRunner.java:378)
at org.testng.SuiteRunner.privateRun(SuiteRunner.java:337)
at org.testng.SuiteRunner.run(SuiteRunner.java:286)
at org.testng.SuiteRunnerWorker.runSuite(SuiteRunnerWorker.java:53)
at org.testng.SuiteRunnerWorker.run(SuiteRunnerWorker.java:96)
at org.testng.TestNG.runSuitesSequentially(TestNG.java:1214)
at org.testng.TestNG.runSuitesLocally(TestNG.java:1136)
at org.testng.TestNG.runSuites(TestNG.java:1066)
at org.testng.TestNG.run(TestNG.java:1034)
at org.testng.remote.AbstractRemoteTestNG.run(AbstractRemoteTestNG.java:115)
at org.testng.remote.RemoteTestNG.initAndRun(RemoteTestNG.java:251)
at org.testng.remote.RemoteTestNG.main(RemoteTestNG.java:77)
]]>
            </full-stacktrace>
          </exception> <!-- java.lang.AssertionError -->
          <reporter-output>
          </reporter-output>
        </test-method> <!-- Validate_Gallery_link -->
        <test-method signature="Validate_benefit_block()[pri:0, instance:TestCases.Techved_Fitness_home@2f177a4b]" started-at="2020-07-08T12:24:06 IST" name="Validate_benefit_block" finished-at="2020-07-08T12:24:07 IST" duration-ms="505" status="PASS">
          <reporter-output>
          </reporter-output>
        </test-method> <!-- Validate_benefit_block -->
        <test-method signature="Validate_fitness_link()[pri:0, instance:TestCases.Techved_Fitness_home@2f177a4b]" started-at="2020-07-08T12:24:07 IST" name="Validate_fitness_link" finished-at="2020-07-08T12:24:07 IST" duration-ms="515" status="PASS">
          <reporter-output>
          </reporter-output>
        </test-method> <!-- Validate_fitness_link -->
        <test-method signature="Validate_Query_block()[pri:0, instance:TestCases.Techved_Fitness_home@2f177a4b]" started-at="2020-07-08T12:24:07 IST" name="Validate_Query_block" finished-at="2020-07-08T12:24:08 IST" depends-on-methods="TestCases.Techved_Fitness_home.Validate_Redeemed_Title, TestCases.Techved_Fitness_home.Validate_Fitness_Title, TestCases.Techved_Fitness_home.Validate_h4_element_title" duration-ms="1070" status="PASS">
          <reporter-output>
          </reporter-output>
        </test-method> <!-- Validate_Query_block -->
        <test-method is-config="true" signature="teardown()[pri:0, instance:TestCases.Techved_Fitness_home@2f177a4b]" started-at="2020-07-08T12:24:08 IST" name="teardown" finished-at="2020-07-08T12:24:08 IST" duration-ms="153" status="PASS">
          <reporter-output>
          </reporter-output>
        </test-method> <!-- teardown -->
      </class> <!-- TestCases.Techved_Fitness_home -->
    </test> <!-- Default test -->
  </suite> <!-- Default suite -->
</testng-results>
